<?xml version="1.0" encoding="UTF-8"?>
<!-- Generated by org.testng.reporters.JUnitReportReporter -->
<testsuite hostname="LAPTOP-GAUPM6CM" failures="0" tests="4" name="testscripts.regression.ValidateLogin" time="33.159" errors="0" timestamp="2023-10-30T19:50:17 IST" skipped="0">
  <testcase classname="testscripts.regression.ValidateLogin" name="validateLoginTest4" time="7.892"/>
  <system-out/>
  <testcase classname="testscripts.regression.ValidateLogin" name="validateLoginTest3" time="7.922"/>
  <system-out/>
  <testcase classname="testscripts.regression.ValidateLogin" name="validateLoginTest1" time="9.492"/>
  <system-out/>
  <testcase classname="testscripts.regression.ValidateLogin" name="validateLoginTest2" time="7.853"/>
  <system-out/>
</testsuite> <!-- testscripts.regression.ValidateLogin -->
