<?xml version="1.0" encoding="UTF-8"?>
<!-- Generated by org.testng.reporters.JUnitReportReporter -->
<testsuite hostname="LAPTOP-GAUPM6CM" failures="0" tests="1" name="testscripts.regression.ValidateRegistration" time="35.585" errors="0" timestamp="2023-11-03T19:44:46 IST" skipped="0">
  <testcase classname="testscripts.regression.ValidateRegistration" name="validateRegistrationTest" time="35.585"/>
  <system-out/>
</testsuite> <!-- testscripts.regression.ValidateRegistration -->
