<?xml version="1.0" encoding="UTF-8"?>
<!-- Generated by org.testng.reporters.JUnitReportReporter -->
<testsuite hostname="LAPTOP-GAUPM6CM" failures="0" tests="1" name="testscripts.regression.ValidateLoginUsingPOM2" time="16.461" errors="0" timestamp="2023-11-03T20:08:27 IST" skipped="0">
  <testcase classname="testscripts.regression.ValidateLoginUsingPOM2" name="validateLoginTest" time="16.461"/>
  <system-out/>
</testsuite> <!-- testscripts.regression.ValidateLoginUsingPOM2 -->
