<?xml version="1.0" encoding="UTF-8"?>
<!-- Generated by org.testng.reporters.JUnitReportReporter -->
<testsuite hostname="LAPTOP-GAUPM6CM" failures="0" tests="4" name="testscripts.regression.ValidateLoginDataProvider" time="32.530" errors="0" timestamp="2023-10-30T20:01:31 IST" skipped="0">
  <testcase classname="testscripts.regression.ValidateLoginDataProvider" name="validateLoginTest" time="7.051"/>
  <system-out/>
  <testcase classname="testscripts.regression.ValidateLoginDataProvider" name="validateLoginTest" time="6.821"/>
  <system-out/>
  <testcase classname="testscripts.regression.ValidateLoginDataProvider" name="validateLoginTest" time="10.669"/>
  <system-out/>
  <testcase classname="testscripts.regression.ValidateLoginDataProvider" name="validateLoginTest" time="7.989"/>
  <system-out/>
</testsuite> <!-- testscripts.regression.ValidateLoginDataProvider -->
