<?xml version="1.0" encoding="UTF-8"?>
<!-- Generated by org.testng.reporters.JUnitReportReporter -->
<testsuite hostname="LAPTOP-GAUPM6CM" failures="0" tests="1" name="testscripts.regression.ValidateRegistration" time="10.068" errors="0" timestamp="2023-11-01T20:06:27 IST" skipped="0">
  <testcase classname="testscripts.regression.ValidateRegistration" name="validateRegistrationTest" time="10.068"/>
  <system-out/>
</testsuite> <!-- testscripts.regression.ValidateRegistration -->
