<?xml version="1.0" encoding="UTF-8"?>
<!-- Generated by org.testng.reporters.JUnitReportReporter -->
<testsuite hostname="LAPTOP-GAUPM6CM" failures="0" tests="1" name="testscripts.regression.ValidateLoginUsingPOM2" time="14.337" errors="0" timestamp="2023-11-06T19:31:11 IST" skipped="0">
  <testcase classname="testscripts.regression.ValidateLoginUsingPOM2" name="validateLoginTest" time="14.337"/>
  <system-out/>
</testsuite> <!-- testscripts.regression.ValidateLoginUsingPOM2 -->
