<?xml version="1.0" encoding="UTF-8"?>
<!-- Generated by org.testng.reporters.JUnitReportReporter -->
<testsuite hostname="LAPTOP-GAUPM6CM" failures="0" tests="1" name="testscripts.regression.ValidateLoginUsingHybrid" time="6.185" errors="0" timestamp="2023-11-01T19:52:22 IST" skipped="0">
  <testcase classname="testscripts.regression.ValidateLoginUsingHybrid" name="validateLoginTest" time="6.185"/>
  <system-out/>
</testsuite> <!-- testscripts.regression.ValidateLoginUsingHybrid -->
