<?xml version="1.0" encoding="UTF-8"?>
<!-- Generated by org.testng.reporters.JUnitReportReporter -->
<testsuite hostname="LAPTOP-GAUPM6CM" failures="0" tests="1" name="testscripts.regression.ValidateLoginUsingKeywords" time="6.744" errors="0" timestamp="2023-11-01T19:47:09 IST" skipped="0">
  <testcase classname="testscripts.regression.ValidateLoginUsingKeywords" name="validateLoginTest" time="6.744"/>
  <system-out/>
</testsuite> <!-- testscripts.regression.ValidateLoginUsingKeywords -->
