<?xml version="1.0" encoding="UTF-8"?>
<!-- Generated by org.testng.reporters.JUnitReportReporter -->
<testsuite hostname="LAPTOP-GAUPM6CM" failures="0" tests="1" name="testscripts.regression.ValidateRegistrationUsingPOM" time="14.567" errors="0" timestamp="2023-11-03T20:08:27 IST" skipped="0">
  <testcase classname="testscripts.regression.ValidateRegistrationUsingPOM" name="validateRegistration" time="14.567"/>
  <system-out/>
</testsuite> <!-- testscripts.regression.ValidateRegistrationUsingPOM -->
