<?xml version="1.0" encoding="UTF-8"?>
<!-- Generated by org.testng.reporters.JUnitReportReporter -->
<testsuite hostname="LAPTOP-GAUPM6CM" failures="0" tests="1" name="testscripts.regression.ValidateRegistration" time="0.000" errors="0" timestamp="2023-11-02T19:23:27 IST" skipped="1">
  <testcase classname="testscripts.regression.ValidateRegistration" name="validateRegistrationTest" time="0.000">
    <skipped/>
  </testcase> <!-- validateRegistrationTest -->
  <system-out/>
</testsuite> <!-- testscripts.regression.ValidateRegistration -->
