<?xml version="1.0" encoding="UTF-8"?>
<!-- Generated by org.testng.reporters.JUnitReportReporter -->
<testsuite hostname="LAPTOP-GAUPM6CM" failures="0" tests="1" name="testscripts.regression.SampleValidateLogin" time="10.472" errors="0" timestamp="2023-10-30T20:11:11 IST" skipped="0">
  <testcase classname="testscripts.regression.SampleValidateLogin" name="validateLoginTest1" time="10.472"/>
  <system-out/>
</testsuite> <!-- testscripts.regression.SampleValidateLogin -->
