<?xml version="1.0" encoding="UTF-8"?>
<!-- Generated by org.testng.reporters.JUnitReportReporter -->
<testsuite hostname="LAPTOP-GAUPM6CM" failures="0" tests="1" name="testscripts.regression.ValidateLoginDataProviderExcel" time="9.942" errors="0" timestamp="2023-10-31T19:47:10 IST" skipped="0">
  <testcase classname="testscripts.regression.ValidateLoginDataProviderExcel" name="validateLoginTest" time="9.942"/>
  <system-out/>
</testsuite> <!-- testscripts.regression.ValidateLoginDataProviderExcel -->
