<?xml version="1.0" encoding="UTF-8"?>
<!-- Generated by org.testng.reporters.JUnitReportReporter -->
<testsuite hostname="LAPTOP-GAUPM6CM" failures="0" tests="1" name="testscripts.regression.ValidateLoginUsingHybrid" time="13.625" errors="0" timestamp="2023-11-03T19:44:46 IST" skipped="0">
  <testcase classname="testscripts.regression.ValidateLoginUsingHybrid" name="validateLoginTest" time="13.625"/>
  <system-out/>
</testsuite> <!-- testscripts.regression.ValidateLoginUsingHybrid -->
