<?xml version="1.0" encoding="UTF-8"?>
<!-- Generated by org.testng.reporters.JUnitReportReporter -->
<testsuite hostname="LAPTOP-GAUPM6CM" failures="0" tests="1" name="testscripts.regression.ValidateLoginUsingPOM2" time="19.272" errors="0" timestamp="2023-11-08T19:55:33 IST" skipped="0">
  <testcase classname="testscripts.regression.ValidateLoginUsingPOM2" name="validateLoginTest" time="19.272"/>
</testsuite> <!-- testscripts.regression.ValidateLoginUsingPOM2 -->
