<?xml version="1.0" encoding="UTF-8"?>
<!-- Generated by org.testng.reporters.JUnitReportReporter -->
<testsuite hostname="LAPTOP-GAUPM6CM" failures="0" tests="1" name="testscripts.regression.ValidateRegistrationUsingPOM" time="12.128" errors="0" timestamp="2023-11-08T19:55:33 IST" skipped="0">
  <testcase classname="testscripts.regression.ValidateRegistrationUsingPOM" name="validateRegistration" time="12.128"/>
</testsuite> <!-- testscripts.regression.ValidateRegistrationUsingPOM -->
